# JRE version: Java(TM) SE Runtime Environment (11.0.1+13) (build 11.0.1+13-LTS)
# Java VM: Java HotSpot(TM) 64-Bit Server VM (11.0.1+13-LTS, mixed mode, tiered, compressed oops, parallel gc, bsd-amd64)
Heap:
 PSYoungGen      total 24064K, used 0K [0x00000007eab00000, 0x00000007ecb00000, 0x0000000800000000)
  eden space 22528K, 0% used [0x00000007eab00000,0x00000007eab00000,0x00000007ec100000)
  from space 1536K, 0% used [0x00000007ec480000,0x00000007ec480000,0x00000007ec600000)
  to   space 3072K, 0% used [0x00000007ec800000,0x00000007ec800000,0x00000007ecb00000)
 ParOldGen       total 68608K, used 21977K [0x00000007c0000000, 0x00000007c4300000, 0x00000007eab00000)
  object space 68608K, 32% used [0x00000007c0000000,0x00000007c1576700,0x00000007c4300000)
 Metaspace       used 33181K, capacity 35187K, committed 35416K, reserved 1081344K
  class space    used 3157K, capacity 3872K, committed 3928K, reserved 1048576K
GC Heap History (10 events):
Event: 3.209 GC heap before
{Heap before GC invocations=9 (full 1):
 PSYoungGen      total 30720K, used 30716K [0x00000007eab00000, 0x00000007ed480000, 0x0000000800000000)
  eden space 24064K, 100% used [0x00000007eab00000,0x00000007ec280000,0x00000007ec280000)
  from space 6656K, 99% used [0x00000007ec380000,0x00000007ec9ff048,0x00000007eca00000)
  to   space 9216K, 0% used [0x00000007ecb80000,0x00000007ecb80000,0x00000007ed480000)
 ParOldGen       total 68608K, used 10532K [0x00000007c0000000, 0x00000007c4300000, 0x00000007eab00000)
  object space 68608K, 15% used [0x00000007c0000000,0x00000007c0a49280,0x00000007c4300000)
 Metaspace       used 30967K, capacity 32896K, committed 33152K, reserved 1079296K
  class space    used 3003K, capacity 3658K, committed 3712K, reserved 1048576K
}
Event: 3.215 GC heap after
{Heap after GC invocations=9 (full 1):
 PSYoungGen      total 31232K, used 7168K [0x00000007eab00000, 0x00000007ed300000, 0x0000000800000000)
  eden space 23552K, 0% used [0x00000007eab00000,0x00000007eab00000,0x00000007ec200000)
  from space 7680K, 93% used [0x00000007ecb80000,0x00000007ed280020,0x00000007ed300000)
  to   space 7680K, 0% used [0x00000007ec400000,0x00000007ec400000,0x00000007ecb80000)
 ParOldGen       total 68608K, used 12407K [0x00000007c0000000, 0x00000007c4300000, 0x00000007eab00000)
  object space 68608K, 18% used [0x00000007c0000000,0x00000007c0c1dd60,0x00000007c4300000)
 Metaspace       used 30967K, capacity 32896K, committed 33152K, reserved 1079296K
  class space    used 3003K, capacity 3658K, committed 3712K, reserved 1048576K
}
Event: 3.246 GC heap before
{Heap before GC invocations=10 (full 1):
 PSYoungGen      total 31232K, used 30720K [0x00000007eab00000, 0x00000007ed300000, 0x0000000800000000)
  eden space 23552K, 100% used [0x00000007eab00000,0x00000007ec200000,0x00000007ec200000)
  from space 7680K, 93% used [0x00000007ecb80000,0x00000007ed280020,0x00000007ed300000)
  to   space 7680K, 0% used [0x00000007ec400000,0x00000007ec400000,0x00000007ecb80000)
 ParOldGen       total 68608K, used 12407K [0x00000007c0000000, 0x00000007c4300000, 0x00000007eab00000)
  object space 68608K, 18% used [0x00000007c0000000,0x00000007c0c1dd60,0x00000007c4300000)
 Metaspace       used 30967K, capacity 32896K, committed 33152K, reserved 1079296K
  class space    used 3003K, capacity 3658K, committed 3712K, reserved 1048576K
}
Event: 3.249 GC heap after
{Heap after GC invocations=10 (full 1):
 PSYoungGen      total 29696K, used 6336K [0x00000007eab00000, 0x00000007ecf80000, 0x0000000800000000)
  eden space 23040K, 0% used [0x00000007eab00000,0x00000007eab00000,0x00000007ec180000)
  from space 6656K, 95% used [0x00000007ec400000,0x00000007eca30020,0x00000007eca80000)
  to   space 5120K, 0% used [0x00000007eca80000,0x00000007eca80000,0x00000007ecf80000)
 ParOldGen       total 68608K, used 15278K [0x00000007c0000000, 0x00000007c4300000, 0x00000007eab00000)
  object space 68608K, 22% used [0x00000007c0000000,0x00000007c0eeba50,0x00000007c4300000)
 Metaspace       used 30967K, capacity 32896K, committed 33152K, reserved 1079296K
  class space    used 3003K, capacity 3658K, committed 3712K, reserved 1048576K
}
Event: 3.456 GC heap before
{Heap before GC invocations=11 (full 1):
 PSYoungGen      total 29696K, used 29376K [0x00000007eab00000, 0x00000007ecf80000, 0x0000000800000000)
  eden space 23040K, 100% used [0x00000007eab00000,0x00000007ec180000,0x00000007ec180000)
  from space 6656K, 95% used [0x00000007ec400000,0x00000007eca30020,0x00000007eca80000)
  to   space 5120K, 0% used [0x00000007eca80000,0x00000007eca80000,0x00000007ecf80000)
 ParOldGen       total 68608K, used 15278K [0x00000007c0000000, 0x00000007c4300000, 0x00000007eab00000)
  object space 68608K, 22% used [0x00000007c0000000,0x00000007c0eeba50,0x00000007c4300000)
 Metaspace       used 31890K, capacity 33939K, committed 34304K, reserved 1079296K
  class space    used 3078K, capacity 3776K, committed 3840K, reserved 1048576K
}
Event: 3.460 GC heap after
{Heap after GC invocations=11 (full 1):
 PSYoungGen      total 27648K, used 4812K [0x00000007eab00000, 0x00000007ecf80000, 0x0000000800000000)
  eden space 22528K, 0% used [0x00000007eab00000,0x00000007eab00000,0x00000007ec100000)
  from space 5120K, 93% used [0x00000007eca80000,0x00000007ecf332b8,0x00000007ecf80000)
  to   space 5632K, 0% used [0x00000007ec480000,0x00000007ec480000,0x00000007eca00000)
 ParOldGen       total 68608K, used 19467K [0x00000007c0000000, 0x00000007c4300000, 0x00000007eab00000)
  object space 68608K, 28% used [0x00000007c0000000,0x00000007c1302dc8,0x00000007c4300000)
 Metaspace       used 31890K, capacity 33939K, committed 34304K, reserved 1079296K
  class space    used 3078K, capacity 3776K, committed 3840K, reserved 1048576K
}
Event: 3.571 GC heap before
{Heap before GC invocations=12 (full 1):
 PSYoungGen      total 27648K, used 16464K [0x00000007eab00000, 0x00000007ecf80000, 0x0000000800000000)
  eden space 22528K, 51% used [0x00000007eab00000,0x00000007eb660f18,0x00000007ec100000)
  from space 5120K, 93% used [0x00000007eca80000,0x00000007ecf332b8,0x00000007ecf80000)
  to   space 5632K, 0% used [0x00000007ec480000,0x00000007ec480000,0x00000007eca00000)
 ParOldGen       total 68608K, used 19467K [0x00000007c0000000, 0x00000007c4300000, 0x00000007eab00000)
  object space 68608K, 28% used [0x00000007c0000000,0x00000007c1302dc8,0x00000007c4300000)
 Metaspace       used 33181K, capacity 35187K, committed 35416K, reserved 1081344K
  class space    used 3157K, capacity 3872K, committed 3928K, reserved 1048576K
}
Event: 3.575 GC heap after
{Heap after GC invocations=12 (full 1):
 PSYoungGen      total 24064K, used 1110K [0x00000007eab00000, 0x00000007ecb00000, 0x0000000800000000)
  eden space 22528K, 0% used [0x00000007eab00000,0x00000007eab00000,0x00000007ec100000)
  from space 1536K, 72% used [0x00000007ec480000,0x00000007ec595ba0,0x00000007ec600000)
  to   space 3072K, 0% used [0x00000007ec800000,0x00000007ec800000,0x00000007ecb00000)
 ParOldGen       total 68608K, used 24212K [0x00000007c0000000, 0x00000007c4300000, 0x00000007eab00000)
  object space 68608K, 35% used [0x00000007c0000000,0x00000007c17a53c8,0x00000007c4300000)
 Metaspace       used 33181K, capacity 35187K, committed 35416K, reserved 1081344K
  class space    used 3157K, capacity 3872K, committed 3928K, reserved 1048576K
}
Event: 3.575 GC heap before
{Heap before GC invocations=13 (full 2):
 PSYoungGen      total 24064K, used 1110K [0x00000007eab00000, 0x00000007ecb00000, 0x0000000800000000)
  eden space 22528K, 0% used [0x00000007eab00000,0x00000007eab00000,0x00000007ec100000)
  from space 1536K, 72% used [0x00000007ec480000,0x00000007ec595ba0,0x00000007ec600000)
  to   space 3072K, 0% used [0x00000007ec800000,0x00000007ec800000,0x00000007ecb00000)
 ParOldGen       total 68608K, used 24212K [0x00000007c0000000, 0x00000007c4300000, 0x00000007eab00000)
  object space 68608K, 35% used [0x00000007c0000000,0x00000007c17a53c8,0x00000007c4300000)
 Metaspace       used 33181K, capacity 35187K, committed 35416K, reserved 1081344K
  class space    used 3157K, capacity 3872K, committed 3928K, reserved 1048576K
}
Event: 3.639 GC heap after
{Heap after GC invocations=13 (full 2):
 PSYoungGen      total 24064K, used 0K [0x00000007eab00000, 0x00000007ecb00000, 0x0000000800000000)
  eden space 22528K, 0% used [0x00000007eab00000,0x00000007eab00000,0x00000007ec100000)
  from space 1536K, 0% used [0x00000007ec480000,0x00000007ec480000,0x00000007ec600000)
  to   space 3072K, 0% used [0x00000007ec800000,0x00000007ec800000,0x00000007ecb00000)
 ParOldGen       total 68608K, used 21977K [0x00000007c0000000, 0x00000007c4300000, 0x00000007eab00000)
  object space 68608K, 32% used [0x00000007c0000000,0x00000007c1576700,0x00000007c4300000)
 Metaspace       used 33181K, capacity 35187K, committed 35416K, reserved 1081344K
  class space    used 3157K, capacity 3872K, committed 3928K, reserved 1048576K
}

